<?xml version="1.0" encoding="UTF-8"?>
<!-- Generated by org.testng.reporters.JUnitReportReporter -->
<testsuite name="com_main.MainClass" tests="1" time="251.608" ignored="0" failures="0" timestamp="21 Oct 2020 09:30:28 GMT" skipped="0" hostname="DESKTOP-506AGEU" errors="0">
  <testcase name="online_shopping_automation" time="251.608" classname="com_main.MainClass"/>
</testsuite> <!-- com_main.MainClass -->
